2026/01/17 22:36:35 [notice] 1#1: using the "epoll" event method
2026/01/17 22:36:35 [notice] 1#1: nginx/1.29.4
2026/01/17 22:36:35 [notice] 1#1: built by gcc 15.2.0 (Alpine 15.2.0) 
2026/01/17 22:36:35 [notice] 1#1: OS: Linux 6.6.87.2-microsoft-standard-WSL2
2026/01/17 22:36:35 [notice] 1#1: getrlimit(RLIMIT_NOFILE): 1048576:1048576
2026/01/17 22:36:35 [notice] 1#1: start worker processes
2026/01/17 22:36:35 [notice] 1#1: start worker process 21
2026/01/17 22:36:35 [notice] 1#1: start worker process 22
2026/01/17 22:36:35 [notice] 1#1: start worker process 23
2026/01/17 22:36:35 [notice] 1#1: start worker process 24
2026/01/17 22:36:35 [notice] 1#1: start worker process 25
2026/01/17 22:36:35 [notice] 1#1: start worker process 26
2026/01/17 22:36:35 [notice] 1#1: start worker process 27
2026/01/17 22:36:35 [notice] 1#1: start worker process 28
2026/01/17 22:36:35 [notice] 1#1: start worker process 29
2026/01/17 22:36:35 [notice] 1#1: start worker process 30
2026/01/17 22:36:35 [notice] 1#1: start worker process 31
2026/01/17 22:36:35 [notice] 1#1: start worker process 32
2026/01/17 23:00:15 [notice] 1#1: signal 3 (SIGQUIT) received, shutting down
2026/01/17 23:00:15 [notice] 22#22: gracefully shutting down
2026/01/17 23:00:15 [notice] 30#30: gracefully shutting down
2026/01/17 23:00:15 [notice] 25#25: gracefully shutting down
2026/01/17 23:00:15 [notice] 26#26: gracefully shutting down
2026/01/17 23:00:15 [notice] 24#24: gracefully shutting down
2026/01/17 23:00:15 [notice] 28#28: gracefully shutting down
2026/01/17 23:00:15 [notice] 21#21: gracefully shutting down
2026/01/17 23:00:15 [notice] 23#23: gracefully shutting down
2026/01/17 23:00:15 [notice] 27#27: gracefully shutting down
2026/01/17 23:00:15 [notice] 31#31: gracefully shutting down
2026/01/17 23:00:15 [notice] 29#29: gracefully shutting down
2026/01/17 23:00:15 [notice] 32#32: gracefully shutting down
2026/01/17 23:00:15 [notice] 22#22: exiting
2026/01/17 23:00:15 [notice] 30#30: exiting
2026/01/17 23:00:15 [notice] 27#27: exiting
2026/01/17 23:00:15 [notice] 25#25: exiting
2026/01/17 23:00:15 [notice] 29#29: exiting
2026/01/17 23:00:15 [notice] 26#26: exiting
2026/01/17 23:00:15 [notice] 24#24: exiting
2026/01/17 23:00:15 [notice] 21#21: exiting
2026/01/17 23:00:15 [notice] 28#28: exiting
2026/01/17 23:00:15 [notice] 31#31: exiting
2026/01/17 23:00:15 [notice] 23#23: exiting
2026/01/17 23:00:15 [notice] 32#32: exiting
2026/01/17 23:00:15 [notice] 26#26: exit
2026/01/17 23:00:15 [notice] 25#25: exit
2026/01/17 23:00:15 [notice] 29#29: exit
2026/01/17 23:00:15 [notice] 30#30: exit
2026/01/17 23:00:15 [notice] 27#27: exit
2026/01/17 23:00:15 [notice] 22#22: exit
2026/01/17 23:00:15 [notice] 28#28: exit
2026/01/17 23:00:15 [notice] 21#21: exit
2026/01/17 23:00:15 [notice] 24#24: exit
2026/01/17 23:00:15 [notice] 31#31: exit
2026/01/17 23:00:15 [notice] 23#23: exit
2026/01/17 23:00:15 [notice] 32#32: exit
2026/01/17 23:00:15 [notice] 1#1: signal 17 (SIGCHLD) received from 29
2026/01/17 23:00:15 [notice] 1#1: worker process 23 exited with code 0
2026/01/17 23:00:15 [notice] 1#1: worker process 24 exited with code 0
2026/01/17 23:00:15 [notice] 1#1: worker process 26 exited with code 0
2026/01/17 23:00:15 [notice] 1#1: worker process 29 exited with code 0
2026/01/17 23:00:15 [notice] 1#1: signal 29 (SIGIO) received
2026/01/17 23:00:15 [notice] 1#1: signal 17 (SIGCHLD) received from 23
2026/01/17 23:00:15 [notice] 1#1: signal 17 (SIGCHLD) received from 25
2026/01/17 23:00:15 [notice] 1#1: worker process 25 exited with code 0
2026/01/17 23:00:15 [notice] 1#1: worker process 32 exited with code 0
2026/01/17 23:00:15 [notice] 1#1: signal 29 (SIGIO) received
2026/01/17 23:00:15 [notice] 1#1: signal 17 (SIGCHLD) received from 32
2026/01/17 23:00:15 [notice] 1#1: signal 17 (SIGCHLD) received from 21
2026/01/17 23:00:15 [notice] 1#1: worker process 21 exited with code 0
2026/01/17 23:00:15 [notice] 1#1: worker process 22 exited with code 0
2026/01/17 23:00:15 [notice] 1#1: worker process 27 exited with code 0
2026/01/17 23:00:15 [notice] 1#1: worker process 28 exited with code 0
2026/01/17 23:00:15 [notice] 1#1: worker process 31 exited with code 0
2026/01/17 23:00:15 [notice] 1#1: signal 29 (SIGIO) received
2026/01/17 23:00:15 [notice] 1#1: signal 17 (SIGCHLD) received from 22
2026/01/17 23:00:15 [notice] 1#1: signal 17 (SIGCHLD) received from 30
2026/01/17 23:00:15 [notice] 1#1: worker process 30 exited with code 0
2026/01/17 23:00:15 [notice] 1#1: exit
2026/01/17 23:00:58 [notice] 1#1: using the "epoll" event method
2026/01/17 23:00:58 [notice] 1#1: nginx/1.29.4
2026/01/17 23:00:58 [notice] 1#1: built by gcc 15.2.0 (Alpine 15.2.0) 
2026/01/17 23:00:58 [notice] 1#1: OS: Linux 6.6.87.2-microsoft-standard-WSL2
2026/01/17 23:00:58 [notice] 1#1: getrlimit(RLIMIT_NOFILE): 1048576:1048576
2026/01/17 23:00:58 [notice] 1#1: start worker processes
2026/01/17 23:00:58 [notice] 1#1: start worker process 21
2026/01/17 23:00:58 [notice] 1#1: start worker process 22
2026/01/17 23:00:58 [notice] 1#1: start worker process 23
2026/01/17 23:00:58 [notice] 1#1: start worker process 24
2026/01/17 23:00:58 [notice] 1#1: start worker process 25
2026/01/17 23:00:58 [notice] 1#1: start worker process 26
2026/01/17 23:00:58 [notice] 1#1: start worker process 27
2026/01/17 23:00:58 [notice] 1#1: start worker process 28
2026/01/17 23:00:58 [notice] 1#1: start worker process 29
2026/01/17 23:00:58 [notice] 1#1: start worker process 30
2026/01/17 23:00:58 [notice] 1#1: start worker process 31
2026/01/17 23:00:58 [notice] 1#1: start worker process 32
2026/01/21 21:25:21 [notice] 1#1: using the "epoll" event method
2026/01/21 21:25:21 [notice] 1#1: nginx/1.29.4
2026/01/21 21:25:21 [notice] 1#1: built by gcc 15.2.0 (Alpine 15.2.0) 
2026/01/21 21:25:21 [notice] 1#1: OS: Linux 6.6.87.2-microsoft-standard-WSL2
2026/01/21 21:25:21 [notice] 1#1: getrlimit(RLIMIT_NOFILE): 1048576:1048576
2026/01/21 21:25:21 [notice] 1#1: start worker processes
2026/01/21 21:25:21 [notice] 1#1: start worker process 21
2026/01/21 21:25:21 [notice] 1#1: start worker process 22
2026/01/21 21:25:21 [notice] 1#1: start worker process 23
2026/01/21 21:25:21 [notice] 1#1: start worker process 24
2026/01/21 21:25:21 [notice] 1#1: start worker process 25
2026/01/21 21:25:21 [notice] 1#1: start worker process 26
2026/01/21 21:25:21 [notice] 1#1: start worker process 27
2026/01/21 21:25:21 [notice] 1#1: start worker process 28
2026/01/21 21:25:21 [notice] 1#1: start worker process 29
2026/01/21 21:25:21 [notice] 1#1: start worker process 30
2026/01/21 21:25:21 [notice] 1#1: start worker process 31
2026/01/21 21:25:21 [notice] 1#1: start worker process 32
2026/01/21 21:31:52 [notice] 1#1: signal 3 (SIGQUIT) received, shutting down
2026/01/21 21:31:52 [notice] 22#22: gracefully shutting down
2026/01/21 21:31:52 [notice] 23#23: gracefully shutting down
2026/01/21 21:31:52 [notice] 28#28: gracefully shutting down
2026/01/21 21:31:52 [notice] 22#22: exiting
2026/01/21 21:31:52 [notice] 25#25: gracefully shutting down
2026/01/21 21:31:52 [notice] 21#21: gracefully shutting down
2026/01/21 21:31:52 [notice] 26#26: gracefully shutting down
2026/01/21 21:31:52 [notice] 29#29: gracefully shutting down
2026/01/21 21:31:52 [notice] 30#30: gracefully shutting down
2026/01/21 21:31:52 [notice] 28#28: exiting
2026/01/21 21:31:52 [notice] 24#24: gracefully shutting down
2026/01/21 21:31:52 [notice] 32#32: gracefully shutting down
2026/01/21 21:31:52 [notice] 27#27: gracefully shutting down
2026/01/21 21:31:52 [notice] 31#31: gracefully shutting down
2026/01/21 21:31:52 [notice] 23#23: exiting
2026/01/21 21:31:52 [notice] 25#25: exiting
2026/01/21 21:31:52 [notice] 21#21: exiting
2026/01/21 21:31:52 [notice] 26#26: exiting
2026/01/21 21:31:52 [notice] 22#22: exit
2026/01/21 21:31:52 [notice] 28#28: exit
2026/01/21 21:31:52 [notice] 30#30: exiting
2026/01/21 21:31:52 [notice] 29#29: exiting
2026/01/21 21:31:52 [notice] 24#24: exiting
2026/01/21 21:31:52 [notice] 32#32: exiting
2026/01/21 21:31:52 [notice] 23#23: exit
2026/01/21 21:31:52 [notice] 27#27: exiting
2026/01/21 21:31:52 [notice] 31#31: exiting
2026/01/21 21:31:52 [notice] 27#27: exit
2026/01/21 21:31:52 [notice] 21#21: exit
2026/01/21 21:31:52 [notice] 25#25: exit
2026/01/21 21:31:52 [notice] 26#26: exit
2026/01/21 21:31:52 [notice] 30#30: exit
2026/01/21 21:31:52 [notice] 29#29: exit
2026/01/21 21:31:52 [notice] 24#24: exit
2026/01/21 21:31:52 [notice] 32#32: exit
2026/01/21 21:31:52 [notice] 31#31: exit
2026/01/21 21:31:52 [notice] 1#1: signal 17 (SIGCHLD) received from 25
2026/01/21 21:31:52 [notice] 1#1: worker process 25 exited with code 0
2026/01/21 21:31:52 [notice] 1#1: signal 29 (SIGIO) received
2026/01/21 21:31:52 [notice] 1#1: signal 17 (SIGCHLD) received from 32
2026/01/21 21:31:52 [notice] 1#1: worker process 22 exited with code 0
2026/01/21 21:31:52 [notice] 1#1: worker process 28 exited with code 0
2026/01/21 21:31:52 [notice] 1#1: worker process 32 exited with code 0
2026/01/21 21:31:52 [notice] 1#1: signal 29 (SIGIO) received
2026/01/21 21:31:52 [notice] 1#1: signal 17 (SIGCHLD) received from 23
2026/01/21 21:31:52 [notice] 1#1: worker process 21 exited with code 0
2026/01/21 21:31:52 [notice] 1#1: worker process 23 exited with code 0
2026/01/21 21:31:52 [notice] 1#1: worker process 26 exited with code 0
2026/01/21 21:31:52 [notice] 1#1: worker process 27 exited with code 0
2026/01/21 21:31:52 [notice] 1#1: worker process 24 exited with code 0
2026/01/21 21:31:52 [notice] 1#1: worker process 29 exited with code 0
2026/01/21 21:31:52 [notice] 1#1: worker process 30 exited with code 0
2026/01/21 21:31:52 [notice] 1#1: worker process 31 exited with code 0
2026/01/21 21:31:52 [notice] 1#1: exit
2026/01/21 21:42:13 [notice] 1#1: using the "epoll" event method
2026/01/21 21:42:13 [notice] 1#1: nginx/1.29.4
2026/01/21 21:42:13 [notice] 1#1: built by gcc 15.2.0 (Alpine 15.2.0) 
2026/01/21 21:42:13 [notice] 1#1: OS: Linux 6.6.87.2-microsoft-standard-WSL2
2026/01/21 21:42:13 [notice] 1#1: getrlimit(RLIMIT_NOFILE): 1048576:1048576
2026/01/21 21:42:13 [notice] 1#1: start worker processes
2026/01/21 21:42:13 [notice] 1#1: start worker process 21
2026/01/21 21:42:13 [notice] 1#1: start worker process 22
2026/01/21 21:42:13 [notice] 1#1: start worker process 23
2026/01/21 21:42:13 [notice] 1#1: start worker process 24
2026/01/21 21:42:13 [notice] 1#1: start worker process 25
2026/01/21 21:42:13 [notice] 1#1: start worker process 26
2026/01/21 21:42:13 [notice] 1#1: start worker process 27
2026/01/21 21:42:13 [notice] 1#1: start worker process 28
2026/01/21 21:42:13 [notice] 1#1: start worker process 29
2026/01/21 21:42:13 [notice] 1#1: start worker process 30
2026/01/21 21:42:13 [notice] 1#1: start worker process 31
2026/01/21 21:42:13 [notice] 1#1: start worker process 32
2026/01/21 21:48:17 [notice] 1#1: signal 3 (SIGQUIT) received, shutting down
2026/01/21 21:48:17 [notice] 22#22: gracefully shutting down
2026/01/21 21:48:17 [notice] 21#21: gracefully shutting down
2026/01/21 21:48:17 [notice] 24#24: gracefully shutting down
2026/01/21 21:48:17 [notice] 32#32: gracefully shutting down
2026/01/21 21:48:17 [notice] 28#28: gracefully shutting down
2026/01/21 21:48:17 [notice] 23#23: gracefully shutting down
2026/01/21 21:48:17 [notice] 25#25: gracefully shutting down
2026/01/21 21:48:17 [notice] 26#26: gracefully shutting down
2026/01/21 21:48:17 [notice] 29#29: gracefully shutting down
2026/01/21 21:48:17 [notice] 26#26: exiting
2026/01/21 21:48:17 [notice] 27#27: gracefully shutting down
2026/01/21 21:48:17 [notice] 31#31: gracefully shutting down
2026/01/21 21:48:17 [notice] 22#22: exiting
2026/01/21 21:48:17 [notice] 21#21: exiting
2026/01/21 21:48:17 [notice] 30#30: gracefully shutting down
2026/01/21 21:48:17 [notice] 24#24: exiting
2026/01/21 21:48:17 [notice] 32#32: exiting
2026/01/21 21:48:17 [notice] 28#28: exiting
2026/01/21 21:48:17 [notice] 23#23: exiting
2026/01/21 21:48:17 [notice] 25#25: exiting
2026/01/21 21:48:17 [notice] 23#23: exit
2026/01/21 21:48:17 [notice] 29#29: exiting
2026/01/21 21:48:17 [notice] 27#27: exiting
2026/01/21 21:48:17 [notice] 26#26: exit
2026/01/21 21:48:17 [notice] 31#31: exiting
2026/01/21 21:48:17 [notice] 22#22: exit
2026/01/21 21:48:17 [notice] 31#31: exit
2026/01/21 21:48:17 [notice] 21#21: exit
2026/01/21 21:48:17 [notice] 30#30: exiting
2026/01/21 21:48:17 [notice] 30#30: exit
2026/01/21 21:48:17 [notice] 24#24: exit
2026/01/21 21:48:17 [notice] 32#32: exit
2026/01/21 21:48:17 [notice] 28#28: exit
2026/01/21 21:48:17 [notice] 25#25: exit
2026/01/21 21:48:17 [notice] 29#29: exit
2026/01/21 21:48:17 [notice] 27#27: exit
2026/01/21 21:48:17 [notice] 1#1: signal 17 (SIGCHLD) received from 30
2026/01/21 21:48:17 [notice] 1#1: worker process 30 exited with code 0
2026/01/21 21:48:17 [notice] 1#1: signal 29 (SIGIO) received
2026/01/21 21:48:17 [notice] 1#1: signal 17 (SIGCHLD) received from 22
2026/01/21 21:48:17 [notice] 1#1: worker process 22 exited with code 0
2026/01/21 21:48:17 [notice] 1#1: signal 29 (SIGIO) received
2026/01/21 21:48:17 [notice] 1#1: signal 17 (SIGCHLD) received from 23
2026/01/21 21:48:17 [notice] 1#1: worker process 21 exited with code 0
2026/01/21 21:48:17 [notice] 1#1: worker process 23 exited with code 0
2026/01/21 21:48:17 [notice] 1#1: worker process 24 exited with code 0
2026/01/21 21:48:17 [notice] 1#1: worker process 25 exited with code 0
2026/01/21 21:48:17 [notice] 1#1: worker process 26 exited with code 0
2026/01/21 21:48:17 [notice] 1#1: worker process 28 exited with code 0
2026/01/21 21:48:17 [notice] 1#1: worker process 27 exited with code 0
2026/01/21 21:48:17 [notice] 1#1: worker process 29 exited with code 0
2026/01/21 21:48:17 [notice] 1#1: worker process 31 exited with code 0
2026/01/21 21:48:17 [notice] 1#1: worker process 32 exited with code 0
2026/01/21 21:48:17 [notice] 1#1: exit
2026/01/21 21:48:20 [notice] 1#1: using the "epoll" event method
2026/01/21 21:48:20 [notice] 1#1: nginx/1.29.4
2026/01/21 21:48:20 [notice] 1#1: built by gcc 15.2.0 (Alpine 15.2.0) 
2026/01/21 21:48:20 [notice] 1#1: OS: Linux 6.6.87.2-microsoft-standard-WSL2
2026/01/21 21:48:20 [notice] 1#1: getrlimit(RLIMIT_NOFILE): 1048576:1048576
2026/01/21 21:48:20 [notice] 1#1: start worker processes
2026/01/21 21:48:20 [notice] 1#1: start worker process 21
2026/01/21 21:48:20 [notice] 1#1: start worker process 22
2026/01/21 21:48:20 [notice] 1#1: start worker process 23
2026/01/21 21:48:20 [notice] 1#1: start worker process 24
2026/01/21 21:48:20 [notice] 1#1: start worker process 25
2026/01/21 21:48:20 [notice] 1#1: start worker process 26
2026/01/21 21:48:20 [notice] 1#1: start worker process 27
2026/01/21 21:48:20 [notice] 1#1: start worker process 28
2026/01/21 21:48:20 [notice] 1#1: start worker process 29
2026/01/21 21:48:20 [notice] 1#1: start worker process 30
2026/01/21 21:48:20 [notice] 1#1: start worker process 31
2026/01/21 21:48:20 [notice] 1#1: start worker process 32
2026/01/21 22:24:55 [notice] 1#1: signal 3 (SIGQUIT) received, shutting down
2026/01/21 22:24:55 [notice] 22#22: gracefully shutting down
2026/01/21 22:24:55 [notice] 24#24: gracefully shutting down
2026/01/21 22:24:55 [notice] 26#26: gracefully shutting down
2026/01/21 22:24:55 [notice] 23#23: gracefully shutting down
2026/01/21 22:24:55 [notice] 29#29: gracefully shutting down
2026/01/21 22:24:55 [notice] 24#24: exiting
2026/01/21 22:24:55 [notice] 25#25: gracefully shutting down
2026/01/21 22:24:55 [notice] 21#21: gracefully shutting down
2026/01/21 22:24:55 [notice] 27#27: gracefully shutting down
2026/01/21 22:24:55 [notice] 28#28: gracefully shutting down
2026/01/21 22:24:55 [notice] 31#31: gracefully shutting down
2026/01/21 22:24:55 [notice] 32#32: gracefully shutting down
2026/01/21 22:24:55 [notice] 30#30: gracefully shutting down
2026/01/21 22:24:55 [notice] 22#22: exiting
2026/01/21 22:24:55 [notice] 26#26: exiting
2026/01/21 22:24:55 [notice] 23#23: exiting
2026/01/21 22:24:55 [notice] 30#30: exiting
2026/01/21 22:24:55 [notice] 29#29: exiting
2026/01/21 22:24:55 [notice] 25#25: exiting
2026/01/21 22:24:55 [notice] 24#24: exit
2026/01/21 22:24:55 [notice] 27#27: exiting
2026/01/21 22:24:55 [notice] 21#21: exiting
2026/01/21 22:24:55 [notice] 31#31: exiting
2026/01/21 22:24:55 [notice] 28#28: exiting
2026/01/21 22:24:55 [notice] 32#32: exiting
2026/01/21 22:24:55 [notice] 22#22: exit
2026/01/21 22:24:55 [notice] 26#26: exit
2026/01/21 22:24:55 [notice] 23#23: exit
2026/01/21 22:24:55 [notice] 30#30: exit
2026/01/21 22:24:55 [notice] 29#29: exit
2026/01/21 22:24:55 [notice] 25#25: exit
2026/01/21 22:24:55 [notice] 27#27: exit
2026/01/21 22:24:55 [notice] 21#21: exit
2026/01/21 22:24:55 [notice] 31#31: exit
2026/01/21 22:24:55 [notice] 28#28: exit
2026/01/21 22:24:55 [notice] 32#32: exit
2026/01/21 22:24:55 [notice] 1#1: signal 17 (SIGCHLD) received from 26
2026/01/21 22:24:55 [notice] 1#1: worker process 23 exited with code 0
2026/01/21 22:24:55 [notice] 1#1: worker process 26 exited with code 0
2026/01/21 22:24:55 [notice] 1#1: signal 29 (SIGIO) received
2026/01/21 22:24:55 [notice] 1#1: signal 17 (SIGCHLD) received from 23
2026/01/21 22:24:55 [notice] 1#1: signal 17 (SIGCHLD) received from 24
2026/01/21 22:24:55 [notice] 1#1: worker process 24 exited with code 0
2026/01/21 22:24:55 [notice] 1#1: worker process 29 exited with code 0
2026/01/21 22:24:55 [notice] 1#1: worker process 31 exited with code 0
2026/01/21 22:24:55 [notice] 1#1: signal 29 (SIGIO) received
2026/01/21 22:24:55 [notice] 1#1: signal 17 (SIGCHLD) received from 25
2026/01/21 22:24:55 [notice] 1#1: worker process 21 exited with code 0
2026/01/21 22:24:55 [notice] 1#1: worker process 22 exited with code 0
2026/01/21 22:24:55 [notice] 1#1: worker process 25 exited with code 0
2026/01/21 22:24:55 [notice] 1#1: worker process 27 exited with code 0
2026/01/21 22:24:55 [notice] 1#1: worker process 28 exited with code 0
2026/01/21 22:24:55 [notice] 1#1: worker process 30 exited with code 0
2026/01/21 22:24:55 [notice] 1#1: worker process 32 exited with code 0
2026/01/21 22:24:55 [notice] 1#1: exit
2026/01/21 22:24:56 [notice] 1#1: using the "epoll" event method
2026/01/21 22:24:56 [notice] 1#1: nginx/1.29.4
2026/01/21 22:24:56 [notice] 1#1: built by gcc 15.2.0 (Alpine 15.2.0) 
2026/01/21 22:24:56 [notice] 1#1: OS: Linux 6.6.87.2-microsoft-standard-WSL2
2026/01/21 22:24:56 [notice] 1#1: getrlimit(RLIMIT_NOFILE): 1048576:1048576
2026/01/21 22:24:56 [notice] 1#1: start worker processes
2026/01/21 22:24:56 [notice] 1#1: start worker process 21
2026/01/21 22:24:56 [notice] 1#1: start worker process 22
2026/01/21 22:24:56 [notice] 1#1: start worker process 23
2026/01/21 22:24:56 [notice] 1#1: start worker process 24
2026/01/21 22:24:56 [notice] 1#1: start worker process 25
2026/01/21 22:24:56 [notice] 1#1: start worker process 26
2026/01/21 22:24:56 [notice] 1#1: start worker process 27
2026/01/21 22:24:56 [notice] 1#1: start worker process 28
2026/01/21 22:24:56 [notice] 1#1: start worker process 29
2026/01/21 22:24:56 [notice] 1#1: start worker process 30
2026/01/21 22:24:56 [notice] 1#1: start worker process 31
2026/01/21 22:24:56 [notice] 1#1: start worker process 32
2026/01/21 22:25:50 [notice] 1#1: signal 3 (SIGQUIT) received, shutting down
2026/01/21 22:25:50 [notice] 21#21: gracefully shutting down
2026/01/21 22:25:50 [notice] 27#27: gracefully shutting down
2026/01/21 22:25:50 [notice] 24#24: gracefully shutting down
2026/01/21 22:25:50 [notice] 26#26: gracefully shutting down
2026/01/21 22:25:50 [notice] 22#22: gracefully shutting down
2026/01/21 22:25:50 [notice] 29#29: gracefully shutting down
2026/01/21 22:25:50 [notice] 25#25: gracefully shutting down
2026/01/21 22:25:50 [notice] 30#30: gracefully shutting down
2026/01/21 22:25:50 [notice] 31#31: gracefully shutting down
2026/01/21 22:25:50 [notice] 23#23: gracefully shutting down
2026/01/21 22:25:50 [notice] 32#32: gracefully shutting down
2026/01/21 22:25:50 [notice] 28#28: gracefully shutting down
2026/01/21 22:25:50 [notice] 21#21: exiting
2026/01/21 22:25:50 [notice] 27#27: exiting
2026/01/21 22:25:50 [notice] 24#24: exiting
2026/01/21 22:25:50 [notice] 26#26: exiting
2026/01/21 22:25:50 [notice] 22#22: exiting
2026/01/21 22:25:50 [notice] 29#29: exiting
2026/01/21 22:25:50 [notice] 25#25: exiting
2026/01/21 22:25:50 [notice] 30#30: exiting
2026/01/21 22:25:50 [notice] 31#31: exiting
2026/01/21 22:25:50 [notice] 23#23: exiting
2026/01/21 22:25:50 [notice] 32#32: exiting
2026/01/21 22:25:50 [notice] 28#28: exiting
2026/01/21 22:25:50 [notice] 21#21: exit
2026/01/21 22:25:50 [notice] 27#27: exit
2026/01/21 22:25:50 [notice] 24#24: exit
2026/01/21 22:25:50 [notice] 26#26: exit
2026/01/21 22:25:50 [notice] 22#22: exit
2026/01/21 22:25:50 [notice] 29#29: exit
2026/01/21 22:25:50 [notice] 25#25: exit
2026/01/21 22:25:50 [notice] 30#30: exit
2026/01/21 22:25:50 [notice] 31#31: exit
2026/01/21 22:25:50 [notice] 23#23: exit
2026/01/21 22:25:50 [notice] 32#32: exit
2026/01/21 22:25:50 [notice] 28#28: exit
2026/01/21 22:25:50 [notice] 1#1: signal 17 (SIGCHLD) received from 26
2026/01/21 22:25:50 [notice] 1#1: worker process 26 exited with code 0
2026/01/21 22:25:50 [notice] 1#1: signal 29 (SIGIO) received
2026/01/21 22:25:50 [notice] 1#1: signal 17 (SIGCHLD) received from 24
2026/01/21 22:25:50 [notice] 1#1: worker process 22 exited with code 0
2026/01/21 22:25:50 [notice] 1#1: worker process 24 exited with code 0
2026/01/21 22:25:50 [notice] 1#1: worker process 25 exited with code 0
2026/01/21 22:25:50 [notice] 1#1: worker process 30 exited with code 0
2026/01/21 22:25:50 [notice] 1#1: worker process 31 exited with code 0
2026/01/21 22:25:50 [notice] 1#1: signal 29 (SIGIO) received
2026/01/21 22:25:50 [notice] 1#1: signal 17 (SIGCHLD) received from 31
2026/01/21 22:25:50 [notice] 1#1: signal 17 (SIGCHLD) received from 32
2026/01/21 22:25:50 [notice] 1#1: worker process 21 exited with code 0
2026/01/21 22:25:50 [notice] 1#1: worker process 23 exited with code 0
2026/01/21 22:25:50 [notice] 1#1: worker process 28 exited with code 0
2026/01/21 22:25:50 [notice] 1#1: worker process 29 exited with code 0
2026/01/21 22:25:50 [notice] 1#1: worker process 32 exited with code 0
2026/01/21 22:25:50 [notice] 1#1: signal 29 (SIGIO) received
2026/01/21 22:25:50 [notice] 1#1: signal 17 (SIGCHLD) received from 28
2026/01/21 22:25:50 [notice] 1#1: signal 17 (SIGCHLD) received from 27
2026/01/21 22:25:50 [notice] 1#1: worker process 27 exited with code 0
2026/01/21 22:25:50 [notice] 1#1: exit
2026/01/21 22:25:51 [notice] 1#1: using the "epoll" event method
2026/01/21 22:25:51 [notice] 1#1: nginx/1.29.4
2026/01/21 22:25:51 [notice] 1#1: built by gcc 15.2.0 (Alpine 15.2.0) 
2026/01/21 22:25:51 [notice] 1#1: OS: Linux 6.6.87.2-microsoft-standard-WSL2
2026/01/21 22:25:51 [notice] 1#1: getrlimit(RLIMIT_NOFILE): 1048576:1048576
2026/01/21 22:25:51 [notice] 1#1: start worker processes
2026/01/21 22:25:51 [notice] 1#1: start worker process 21
2026/01/21 22:25:51 [notice] 1#1: start worker process 22
2026/01/21 22:25:51 [notice] 1#1: start worker process 23
2026/01/21 22:25:51 [notice] 1#1: start worker process 24
2026/01/21 22:25:51 [notice] 1#1: start worker process 25
2026/01/21 22:25:51 [notice] 1#1: start worker process 26
2026/01/21 22:25:51 [notice] 1#1: start worker process 27
2026/01/21 22:25:51 [notice] 1#1: start worker process 28
2026/01/21 22:25:51 [notice] 1#1: start worker process 29
2026/01/21 22:25:51 [notice] 1#1: start worker process 30
2026/01/21 22:25:51 [notice] 1#1: start worker process 31
2026/01/21 22:25:51 [notice] 1#1: start worker process 32
2026/01/21 22:29:55 [notice] 1#1: signal 3 (SIGQUIT) received, shutting down
2026/01/21 22:29:55 [notice] 21#21: gracefully shutting down
2026/01/21 22:29:55 [notice] 29#29: gracefully shutting down
2026/01/21 22:29:55 [notice] 27#27: gracefully shutting down
2026/01/21 22:29:55 [notice] 22#22: gracefully shutting down
2026/01/21 22:29:55 [notice] 23#23: gracefully shutting down
2026/01/21 22:29:55 [notice] 25#25: gracefully shutting down
2026/01/21 22:29:55 [notice] 24#24: gracefully shutting down
2026/01/21 22:29:55 [notice] 26#26: gracefully shutting down
2026/01/21 22:29:55 [notice] 28#28: gracefully shutting down
2026/01/21 22:29:55 [notice] 31#31: gracefully shutting down
2026/01/21 22:29:55 [notice] 30#30: gracefully shutting down
2026/01/21 22:29:55 [notice] 32#32: gracefully shutting down
2026/01/21 22:29:55 [notice] 21#21: exiting
2026/01/21 22:29:55 [notice] 29#29: exiting
2026/01/21 22:29:55 [notice] 27#27: exiting
2026/01/21 22:29:55 [notice] 22#22: exiting
2026/01/21 22:29:55 [notice] 23#23: exiting
2026/01/21 22:29:55 [notice] 25#25: exiting
2026/01/21 22:29:55 [notice] 24#24: exiting
2026/01/21 22:29:55 [notice] 25#25: exit
2026/01/21 22:29:55 [notice] 26#26: exiting
2026/01/21 22:29:55 [notice] 28#28: exiting
2026/01/21 22:29:55 [notice] 26#26: exit
2026/01/21 22:29:55 [notice] 31#31: exiting
2026/01/21 22:29:55 [notice] 30#30: exiting
2026/01/21 22:29:55 [notice] 31#31: exit
2026/01/21 22:29:55 [notice] 32#32: exiting
2026/01/21 22:29:55 [notice] 21#21: exit
2026/01/21 22:29:55 [notice] 29#29: exit
2026/01/21 22:29:55 [notice] 27#27: exit
2026/01/21 22:29:55 [notice] 22#22: exit
2026/01/21 22:29:55 [notice] 23#23: exit
2026/01/21 22:29:55 [notice] 24#24: exit
2026/01/21 22:29:55 [notice] 28#28: exit
2026/01/21 22:29:55 [notice] 30#30: exit
2026/01/21 22:29:55 [notice] 32#32: exit
2026/01/21 22:29:55 [notice] 1#1: signal 17 (SIGCHLD) received from 27
2026/01/21 22:29:55 [notice] 1#1: worker process 27 exited with code 0
2026/01/21 22:29:55 [notice] 1#1: signal 29 (SIGIO) received
2026/01/21 22:29:55 [notice] 1#1: signal 17 (SIGCHLD) received from 26
2026/01/21 22:29:55 [notice] 1#1: worker process 21 exited with code 0
2026/01/21 22:29:55 [notice] 1#1: worker process 22 exited with code 0
2026/01/21 22:29:55 [notice] 1#1: worker process 23 exited with code 0
2026/01/21 22:29:55 [notice] 1#1: worker process 24 exited with code 0
2026/01/21 22:29:55 [notice] 1#1: worker process 25 exited with code 0
2026/01/21 22:29:55 [notice] 1#1: worker process 26 exited with code 0
2026/01/21 22:29:55 [notice] 1#1: worker process 28 exited with code 0
2026/01/21 22:29:55 [notice] 1#1: worker process 29 exited with code 0
2026/01/21 22:29:55 [notice] 1#1: worker process 30 exited with code 0
2026/01/21 22:29:55 [notice] 1#1: worker process 31 exited with code 0
2026/01/21 22:29:55 [notice] 1#1: worker process 32 exited with code 0
2026/01/21 22:29:55 [notice] 1#1: exit
2026/01/21 22:29:56 [notice] 1#1: using the "epoll" event method
2026/01/21 22:29:56 [notice] 1#1: nginx/1.29.4
2026/01/21 22:29:56 [notice] 1#1: built by gcc 15.2.0 (Alpine 15.2.0) 
2026/01/21 22:29:56 [notice] 1#1: OS: Linux 6.6.87.2-microsoft-standard-WSL2
2026/01/21 22:29:56 [notice] 1#1: getrlimit(RLIMIT_NOFILE): 1048576:1048576
2026/01/21 22:29:56 [notice] 1#1: start worker processes
2026/01/21 22:29:56 [notice] 1#1: start worker process 21
2026/01/21 22:29:56 [notice] 1#1: start worker process 22
2026/01/21 22:29:56 [notice] 1#1: start worker process 23
2026/01/21 22:29:56 [notice] 1#1: start worker process 24
2026/01/21 22:29:56 [notice] 1#1: start worker process 25
2026/01/21 22:29:56 [notice] 1#1: start worker process 26
2026/01/21 22:29:56 [notice] 1#1: start worker process 27
2026/01/21 22:29:56 [notice] 1#1: start worker process 28
2026/01/21 22:29:56 [notice] 1#1: start worker process 29
2026/01/21 22:29:56 [notice] 1#1: start worker process 30
2026/01/21 22:29:56 [notice] 1#1: start worker process 31
2026/01/21 22:29:56 [notice] 1#1: start worker process 32
2026/01/21 22:33:31 [notice] 1#1: signal 3 (SIGQUIT) received, shutting down
2026/01/21 22:33:31 [notice] 22#22: gracefully shutting down
2026/01/21 22:33:31 [notice] 21#21: gracefully shutting down
2026/01/21 22:33:31 [notice] 23#23: gracefully shutting down
2026/01/21 22:33:31 [notice] 26#26: gracefully shutting down
2026/01/21 22:33:31 [notice] 27#27: gracefully shutting down
2026/01/21 22:33:31 [notice] 25#25: gracefully shutting down
2026/01/21 22:33:31 [notice] 31#31: gracefully shutting down
2026/01/21 22:33:31 [notice] 29#29: gracefully shutting down
2026/01/21 22:33:31 [notice] 24#24: gracefully shutting down
2026/01/21 22:33:31 [notice] 32#32: gracefully shutting down
2026/01/21 22:33:31 [notice] 30#30: gracefully shutting down
2026/01/21 22:33:31 [notice] 28#28: gracefully shutting down
2026/01/21 22:33:31 [notice] 22#22: exiting
2026/01/21 22:33:31 [notice] 21#21: exiting
2026/01/21 22:33:31 [notice] 23#23: exiting
2026/01/21 22:33:31 [notice] 26#26: exiting
2026/01/21 22:33:31 [notice] 27#27: exiting
2026/01/21 22:33:31 [notice] 25#25: exiting
2026/01/21 22:33:31 [notice] 31#31: exiting
2026/01/21 22:33:31 [notice] 25#25: exit
2026/01/21 22:33:31 [notice] 29#29: exiting
2026/01/21 22:33:31 [notice] 24#24: exiting
2026/01/21 22:33:31 [notice] 32#32: exiting
2026/01/21 22:33:31 [notice] 24#24: exit
2026/01/21 22:33:31 [notice] 30#30: exiting
2026/01/21 22:33:31 [notice] 28#28: exiting
2026/01/21 22:33:31 [notice] 22#22: exit
2026/01/21 22:33:31 [notice] 21#21: exit
2026/01/21 22:33:31 [notice] 23#23: exit
2026/01/21 22:33:31 [notice] 26#26: exit
2026/01/21 22:33:31 [notice] 27#27: exit
2026/01/21 22:33:31 [notice] 31#31: exit
2026/01/21 22:33:31 [notice] 29#29: exit
2026/01/21 22:33:31 [notice] 32#32: exit
2026/01/21 22:33:31 [notice] 30#30: exit
2026/01/21 22:33:31 [notice] 28#28: exit
2026/01/21 22:33:31 [notice] 1#1: signal 17 (SIGCHLD) received from 23
2026/01/21 22:33:31 [notice] 1#1: worker process 23 exited with code 0
2026/01/21 22:33:31 [notice] 1#1: worker process 27 exited with code 0
2026/01/21 22:33:31 [notice] 1#1: signal 29 (SIGIO) received
2026/01/21 22:33:31 [notice] 1#1: signal 17 (SIGCHLD) received from 28
2026/01/21 22:33:31 [notice] 1#1: worker process 28 exited with code 0
2026/01/21 22:33:31 [notice] 1#1: signal 29 (SIGIO) received
2026/01/21 22:33:31 [notice] 1#1: signal 17 (SIGCHLD) received from 31
2026/01/21 22:33:31 [notice] 1#1: worker process 21 exited with code 0
2026/01/21 22:33:31 [notice] 1#1: worker process 22 exited with code 0
2026/01/21 22:33:31 [notice] 1#1: worker process 24 exited with code 0
2026/01/21 22:33:31 [notice] 1#1: worker process 25 exited with code 0
2026/01/21 22:33:31 [notice] 1#1: worker process 26 exited with code 0
2026/01/21 22:33:31 [notice] 1#1: worker process 29 exited with code 0
2026/01/21 22:33:31 [notice] 1#1: worker process 31 exited with code 0
2026/01/21 22:33:31 [notice] 1#1: worker process 32 exited with code 0
2026/01/21 22:33:31 [notice] 1#1: signal 29 (SIGIO) received
2026/01/21 22:33:31 [notice] 1#1: signal 17 (SIGCHLD) received from 22
2026/01/21 22:33:31 [notice] 1#1: signal 17 (SIGCHLD) received from 30
2026/01/21 22:33:31 [notice] 1#1: worker process 30 exited with code 0
2026/01/21 22:33:31 [notice] 1#1: exit
2026/01/21 22:33:43 [notice] 1#1: using the "epoll" event method
2026/01/21 22:33:43 [notice] 1#1: nginx/1.29.4
2026/01/21 22:33:43 [notice] 1#1: built by gcc 15.2.0 (Alpine 15.2.0) 
2026/01/21 22:33:43 [notice] 1#1: OS: Linux 6.6.87.2-microsoft-standard-WSL2
2026/01/21 22:33:43 [notice] 1#1: getrlimit(RLIMIT_NOFILE): 1048576:1048576
2026/01/21 22:33:43 [notice] 1#1: start worker processes
2026/01/21 22:33:43 [notice] 1#1: start worker process 21
2026/01/21 22:33:43 [notice] 1#1: start worker process 22
2026/01/21 22:33:43 [notice] 1#1: start worker process 23
2026/01/21 22:33:43 [notice] 1#1: start worker process 24
2026/01/21 22:33:43 [notice] 1#1: start worker process 25
2026/01/21 22:33:43 [notice] 1#1: start worker process 26
2026/01/21 22:33:43 [notice] 1#1: start worker process 27
2026/01/21 22:33:43 [notice] 1#1: start worker process 28
2026/01/21 22:33:43 [notice] 1#1: start worker process 29
2026/01/21 22:33:43 [notice] 1#1: start worker process 30
2026/01/21 22:33:43 [notice] 1#1: start worker process 31
2026/01/21 22:33:43 [notice] 1#1: start worker process 32
2026/01/21 22:40:32 [notice] 1#1: signal 3 (SIGQUIT) received, shutting down
2026/01/21 22:40:32 [notice] 21#21: gracefully shutting down
2026/01/21 22:40:32 [notice] 22#22: gracefully shutting down
2026/01/21 22:40:32 [notice] 29#29: gracefully shutting down
2026/01/21 22:40:32 [notice] 28#28: gracefully shutting down
2026/01/21 22:40:32 [notice] 26#26: gracefully shutting down
2026/01/21 22:40:32 [notice] 31#31: gracefully shutting down
2026/01/21 22:40:32 [notice] 25#25: gracefully shutting down
2026/01/21 22:40:32 [notice] 24#24: gracefully shutting down
2026/01/21 22:40:32 [notice] 27#27: gracefully shutting down
2026/01/21 22:40:32 [notice] 30#30: gracefully shutting down
2026/01/21 22:40:32 [notice] 23#23: gracefully shutting down
2026/01/21 22:40:32 [notice] 32#32: gracefully shutting down
2026/01/21 22:40:32 [notice] 21#21: exiting
2026/01/21 22:40:32 [notice] 22#22: exiting
2026/01/21 22:40:32 [notice] 29#29: exiting
2026/01/21 22:40:32 [notice] 28#28: exiting
2026/01/21 22:40:32 [notice] 26#26: exiting
2026/01/21 22:40:32 [notice] 31#31: exiting
2026/01/21 22:40:32 [notice] 25#25: exiting
2026/01/21 22:40:32 [notice] 24#24: exiting
2026/01/21 22:40:32 [notice] 27#27: exiting
2026/01/21 22:40:32 [notice] 30#30: exiting
2026/01/21 22:40:32 [notice] 23#23: exiting
2026/01/21 22:40:32 [notice] 32#32: exiting
2026/01/21 22:40:32 [notice] 21#21: exit
2026/01/21 22:40:32 [notice] 22#22: exit
2026/01/21 22:40:32 [notice] 29#29: exit
2026/01/21 22:40:32 [notice] 28#28: exit
2026/01/21 22:40:32 [notice] 26#26: exit
2026/01/21 22:40:32 [notice] 31#31: exit
2026/01/21 22:40:32 [notice] 25#25: exit
2026/01/21 22:40:32 [notice] 24#24: exit
2026/01/21 22:40:32 [notice] 27#27: exit
2026/01/21 22:40:32 [notice] 30#30: exit
2026/01/21 22:40:32 [notice] 23#23: exit
2026/01/21 22:40:32 [notice] 32#32: exit
2026/01/21 22:40:32 [notice] 1#1: signal 17 (SIGCHLD) received from 27
2026/01/21 22:40:32 [notice] 1#1: worker process 27 exited with code 0
2026/01/21 22:40:32 [notice] 1#1: signal 29 (SIGIO) received
2026/01/21 22:40:32 [notice] 1#1: signal 17 (SIGCHLD) received from 22
2026/01/21 22:40:32 [notice] 1#1: worker process 22 exited with code 0
2026/01/21 22:40:32 [notice] 1#1: worker process 26 exited with code 0
2026/01/21 22:40:32 [notice] 1#1: worker process 29 exited with code 0
2026/01/21 22:40:32 [notice] 1#1: signal 29 (SIGIO) received
2026/01/21 22:40:32 [notice] 1#1: signal 17 (SIGCHLD) received from 31
2026/01/21 22:40:32 [notice] 1#1: worker process 21 exited with code 0
2026/01/21 22:40:32 [notice] 1#1: worker process 28 exited with code 0
2026/01/21 22:40:32 [notice] 1#1: worker process 31 exited with code 0
2026/01/21 22:40:32 [notice] 1#1: signal 29 (SIGIO) received
2026/01/21 22:40:32 [notice] 1#1: signal 17 (SIGCHLD) received from 30
2026/01/21 22:40:32 [notice] 1#1: worker process 25 exited with code 0
2026/01/21 22:40:32 [notice] 1#1: worker process 30 exited with code 0
2026/01/21 22:40:32 [notice] 1#1: worker process 32 exited with code 0
2026/01/21 22:40:32 [notice] 1#1: signal 29 (SIGIO) received
2026/01/21 22:40:32 [notice] 1#1: signal 17 (SIGCHLD) received from 25
2026/01/21 22:40:32 [notice] 1#1: signal 17 (SIGCHLD) received from 23
2026/01/21 22:40:32 [notice] 1#1: worker process 23 exited with code 0
2026/01/21 22:40:32 [notice] 1#1: worker process 24 exited with code 0
2026/01/21 22:40:32 [notice] 1#1: exit
2026/01/21 22:40:50 [notice] 1#1: using the "epoll" event method
2026/01/21 22:40:50 [notice] 1#1: nginx/1.29.4
2026/01/21 22:40:50 [notice] 1#1: built by gcc 15.2.0 (Alpine 15.2.0) 
2026/01/21 22:40:50 [notice] 1#1: OS: Linux 6.6.87.2-microsoft-standard-WSL2
2026/01/21 22:40:50 [notice] 1#1: getrlimit(RLIMIT_NOFILE): 1048576:1048576
2026/01/21 22:40:50 [notice] 1#1: start worker processes
2026/01/21 22:40:50 [notice] 1#1: start worker process 21
2026/01/21 22:40:50 [notice] 1#1: start worker process 22
2026/01/21 22:40:50 [notice] 1#1: start worker process 23
2026/01/21 22:40:50 [notice] 1#1: start worker process 24
2026/01/21 22:40:50 [notice] 1#1: start worker process 25
2026/01/21 22:40:50 [notice] 1#1: start worker process 26
2026/01/21 22:40:50 [notice] 1#1: start worker process 27
2026/01/21 22:40:50 [notice] 1#1: start worker process 28
2026/01/21 22:40:50 [notice] 1#1: start worker process 29
2026/01/21 22:40:50 [notice] 1#1: start worker process 30
2026/01/21 22:40:50 [notice] 1#1: start worker process 31
2026/01/21 22:40:50 [notice] 1#1: start worker process 32
2026/01/27 17:58:20 [notice] 1#1: using the "epoll" event method
2026/01/27 17:58:20 [notice] 1#1: nginx/1.29.4
2026/01/27 17:58:20 [notice] 1#1: built by gcc 15.2.0 (Alpine 15.2.0) 
2026/01/27 17:58:20 [notice] 1#1: OS: Linux 6.6.87.2-microsoft-standard-WSL2
2026/01/27 17:58:20 [notice] 1#1: getrlimit(RLIMIT_NOFILE): 1048576:1048576
2026/01/27 17:58:20 [notice] 1#1: start worker processes
2026/01/27 17:58:20 [notice] 1#1: start worker process 20
2026/01/27 17:58:20 [notice] 1#1: start worker process 21
2026/01/27 17:58:20 [notice] 1#1: start worker process 22
2026/01/27 17:58:20 [notice] 1#1: start worker process 23
2026/01/27 17:58:20 [notice] 1#1: start worker process 24
2026/01/27 17:58:20 [notice] 1#1: start worker process 25
2026/01/27 17:58:20 [notice] 1#1: start worker process 26
2026/01/27 17:58:20 [notice] 1#1: start worker process 27
2026/01/27 17:58:20 [notice] 1#1: start worker process 28
2026/01/27 17:58:20 [notice] 1#1: start worker process 29
2026/01/27 17:58:20 [notice] 1#1: start worker process 30
2026/01/27 17:58:20 [notice] 1#1: start worker process 31
2026/01/29 15:39:16 [notice] 1#1: using the "epoll" event method
2026/01/29 15:39:16 [notice] 1#1: nginx/1.29.4
2026/01/29 15:39:16 [notice] 1#1: built by gcc 15.2.0 (Alpine 15.2.0) 
2026/01/29 15:39:16 [notice] 1#1: OS: Linux 6.6.87.2-microsoft-standard-WSL2
2026/01/29 15:39:16 [notice] 1#1: getrlimit(RLIMIT_NOFILE): 1048576:1048576
2026/01/29 15:39:16 [notice] 1#1: start worker processes
2026/01/29 15:39:16 [notice] 1#1: start worker process 20
2026/01/29 15:39:16 [notice] 1#1: start worker process 21
2026/01/29 15:39:16 [notice] 1#1: start worker process 22
2026/01/29 15:39:16 [notice] 1#1: start worker process 23
2026/01/29 15:39:16 [notice] 1#1: start worker process 24
2026/01/29 15:39:16 [notice] 1#1: start worker process 25
2026/01/29 15:39:16 [notice] 1#1: start worker process 26
2026/01/29 15:39:16 [notice] 1#1: start worker process 27
2026/01/29 15:39:16 [notice] 1#1: start worker process 28
2026/01/29 15:39:16 [notice] 1#1: start worker process 29
2026/01/29 15:39:16 [notice] 1#1: start worker process 30
2026/01/29 15:39:16 [notice] 1#1: start worker process 31
2026/01/30 13:12:24 [notice] 1#1: using the "epoll" event method
2026/01/30 13:12:24 [notice] 1#1: nginx/1.29.4
2026/01/30 13:12:24 [notice] 1#1: built by gcc 15.2.0 (Alpine 15.2.0) 
2026/01/30 13:12:24 [notice] 1#1: OS: Linux 6.6.87.2-microsoft-standard-WSL2
2026/01/30 13:12:24 [notice] 1#1: getrlimit(RLIMIT_NOFILE): 1048576:1048576
2026/01/30 13:12:24 [notice] 1#1: start worker processes
2026/01/30 13:12:24 [notice] 1#1: start worker process 21
2026/01/30 13:12:24 [notice] 1#1: start worker process 22
2026/01/30 13:12:24 [notice] 1#1: start worker process 23
2026/01/30 13:12:24 [notice] 1#1: start worker process 24
2026/01/30 13:12:24 [notice] 1#1: start worker process 25
2026/01/30 13:12:24 [notice] 1#1: start worker process 26
2026/01/30 13:12:24 [notice] 1#1: start worker process 27
2026/01/30 13:12:24 [notice] 1#1: start worker process 28
2026/01/30 13:12:24 [notice] 1#1: start worker process 29
2026/01/30 13:12:24 [notice] 1#1: start worker process 30
2026/01/30 13:12:24 [notice] 1#1: start worker process 31
2026/01/30 13:12:24 [notice] 1#1: start worker process 32
2026/01/30 13:15:36 [notice] 1#1: signal 3 (SIGQUIT) received, shutting down
2026/01/30 13:15:36 [notice] 21#21: gracefully shutting down
2026/01/30 13:15:36 [notice] 22#22: gracefully shutting down
2026/01/30 13:15:36 [notice] 25#25: gracefully shutting down
2026/01/30 13:15:36 [notice] 25#25: exiting
2026/01/30 13:15:36 [notice] 27#27: gracefully shutting down
2026/01/30 13:15:36 [notice] 23#23: gracefully shutting down
2026/01/30 13:15:36 [notice] 26#26: gracefully shutting down
2026/01/30 13:15:36 [notice] 24#24: gracefully shutting down
2026/01/30 13:15:36 [notice] 21#21: exiting
2026/01/30 13:15:36 [notice] 32#32: gracefully shutting down
2026/01/30 13:15:36 [notice] 32#32: exiting
2026/01/30 13:15:36 [notice] 29#29: gracefully shutting down
2026/01/30 13:15:36 [notice] 30#30: gracefully shutting down
2026/01/30 13:15:36 [notice] 31#31: gracefully shutting down
2026/01/30 13:15:36 [notice] 28#28: gracefully shutting down
2026/01/30 13:15:36 [notice] 22#22: exiting
2026/01/30 13:15:36 [notice] 27#27: exiting
2026/01/30 13:15:36 [notice] 25#25: exit
2026/01/30 13:15:36 [notice] 27#27: exit
2026/01/30 13:15:36 [notice] 23#23: exiting
2026/01/30 13:15:36 [notice] 26#26: exiting
2026/01/30 13:15:36 [notice] 24#24: exiting
2026/01/30 13:15:36 [notice] 21#21: exit
2026/01/30 13:15:36 [notice] 32#32: exit
2026/01/30 13:15:36 [notice] 29#29: exiting
2026/01/30 13:15:36 [notice] 30#30: exiting
2026/01/30 13:15:36 [notice] 31#31: exiting
2026/01/30 13:15:36 [notice] 30#30: exit
2026/01/30 13:15:36 [notice] 28#28: exiting
2026/01/30 13:15:36 [notice] 22#22: exit
2026/01/30 13:15:36 [notice] 23#23: exit
2026/01/30 13:15:36 [notice] 26#26: exit
2026/01/30 13:15:36 [notice] 24#24: exit
2026/01/30 13:15:36 [notice] 29#29: exit
2026/01/30 13:15:36 [notice] 31#31: exit
2026/01/30 13:15:36 [notice] 28#28: exit
2026/01/30 13:15:36 [notice] 1#1: signal 17 (SIGCHLD) received from 30
2026/01/30 13:15:36 [notice] 1#1: worker process 30 exited with code 0
2026/01/30 13:15:36 [notice] 1#1: signal 29 (SIGIO) received
2026/01/30 13:15:36 [notice] 1#1: signal 17 (SIGCHLD) received from 32
2026/01/30 13:15:36 [notice] 1#1: worker process 21 exited with code 0
2026/01/30 13:15:36 [notice] 1#1: worker process 23 exited with code 0
2026/01/30 13:15:36 [notice] 1#1: worker process 24 exited with code 0
2026/01/30 13:15:36 [notice] 1#1: worker process 25 exited with code 0
2026/01/30 13:15:36 [notice] 1#1: worker process 26 exited with code 0
2026/01/30 13:15:36 [notice] 1#1: worker process 28 exited with code 0
2026/01/30 13:15:36 [notice] 1#1: worker process 22 exited with code 0
2026/01/30 13:15:36 [notice] 1#1: worker process 27 exited with code 0
2026/01/30 13:15:36 [notice] 1#1: worker process 32 exited with code 0
2026/01/30 13:15:36 [notice] 1#1: signal 29 (SIGIO) received
2026/01/30 13:15:36 [notice] 1#1: signal 17 (SIGCHLD) received from 26
2026/01/30 13:15:36 [notice] 1#1: signal 17 (SIGCHLD) received from 31
2026/01/30 13:15:36 [notice] 1#1: worker process 29 exited with code 0
2026/01/30 13:15:36 [notice] 1#1: worker process 31 exited with code 0
2026/01/30 13:15:36 [notice] 1#1: exit
2026/02/19 10:51:07 [notice] 1#1: using the "epoll" event method
2026/02/19 10:51:07 [notice] 1#1: nginx/1.29.4
2026/02/19 10:51:07 [notice] 1#1: built by gcc 15.2.0 (Alpine 15.2.0) 
2026/02/19 10:51:07 [notice] 1#1: OS: Linux 6.6.87.2-microsoft-standard-WSL2
2026/02/19 10:51:07 [notice] 1#1: getrlimit(RLIMIT_NOFILE): 1048576:1048576
2026/02/19 10:51:07 [notice] 1#1: start worker processes
2026/02/19 10:51:07 [notice] 1#1: start worker process 22
2026/02/19 10:51:07 [notice] 1#1: start worker process 23
2026/02/19 10:51:07 [notice] 1#1: start worker process 24
2026/02/19 10:51:07 [notice] 1#1: start worker process 25
2026/02/19 10:51:07 [notice] 1#1: start worker process 26
2026/02/19 10:51:07 [notice] 1#1: start worker process 27
2026/02/19 10:51:07 [notice] 1#1: start worker process 28
2026/02/19 10:51:07 [notice] 1#1: start worker process 29
2026/02/19 10:51:07 [notice] 1#1: start worker process 30
2026/02/19 10:51:07 [notice] 1#1: start worker process 31
2026/02/19 10:51:07 [notice] 1#1: start worker process 32
2026/02/19 10:51:07 [notice] 1#1: start worker process 33
2026/02/19 10:51:24 [notice] 1#1: signal 3 (SIGQUIT) received, shutting down
2026/02/19 10:51:24 [notice] 25#25: gracefully shutting down
2026/02/19 10:51:24 [notice] 23#23: gracefully shutting down
2026/02/19 10:51:24 [notice] 22#22: gracefully shutting down
2026/02/19 10:51:24 [notice] 29#29: gracefully shutting down
2026/02/19 10:51:24 [notice] 27#27: gracefully shutting down
2026/02/19 10:51:24 [notice] 32#32: gracefully shutting down
2026/02/19 10:51:24 [notice] 28#28: gracefully shutting down
2026/02/19 10:51:24 [notice] 24#24: gracefully shutting down
2026/02/19 10:51:24 [notice] 33#33: gracefully shutting down
2026/02/19 10:51:24 [notice] 31#31: gracefully shutting down
2026/02/19 10:51:24 [notice] 30#30: gracefully shutting down
2026/02/19 10:51:24 [notice] 26#26: gracefully shutting down
2026/02/19 10:51:24 [notice] 25#25: exiting
2026/02/19 10:51:24 [notice] 23#23: exiting
2026/02/19 10:51:24 [notice] 22#22: exiting
2026/02/19 10:51:24 [notice] 29#29: exiting
2026/02/19 10:51:24 [notice] 27#27: exiting
2026/02/19 10:51:24 [notice] 32#32: exiting
2026/02/19 10:51:24 [notice] 28#28: exiting
2026/02/19 10:51:24 [notice] 24#24: exiting
2026/02/19 10:51:24 [notice] 33#33: exiting
2026/02/19 10:51:24 [notice] 31#31: exiting
2026/02/19 10:51:24 [notice] 30#30: exiting
2026/02/19 10:51:24 [notice] 26#26: exiting
2026/02/19 10:51:24 [notice] 30#30: exit
2026/02/19 10:51:24 [notice] 25#25: exit
2026/02/19 10:51:24 [notice] 23#23: exit
2026/02/19 10:51:24 [notice] 22#22: exit
2026/02/19 10:51:24 [notice] 29#29: exit
2026/02/19 10:51:24 [notice] 27#27: exit
2026/02/19 10:51:24 [notice] 32#32: exit
2026/02/19 10:51:24 [notice] 28#28: exit
2026/02/19 10:51:24 [notice] 24#24: exit
2026/02/19 10:51:24 [notice] 33#33: exit
2026/02/19 10:51:24 [notice] 31#31: exit
2026/02/19 10:51:24 [notice] 26#26: exit
2026/02/19 10:51:24 [notice] 1#1: signal 17 (SIGCHLD) received from 29
2026/02/19 10:51:24 [notice] 1#1: worker process 29 exited with code 0
2026/02/19 10:51:24 [notice] 1#1: worker process 31 exited with code 0
2026/02/19 10:51:24 [notice] 1#1: signal 29 (SIGIO) received
2026/02/19 10:51:24 [notice] 1#1: signal 17 (SIGCHLD) received from 33
2026/02/19 10:51:24 [notice] 1#1: worker process 25 exited with code 0
2026/02/19 10:51:24 [notice] 1#1: worker process 28 exited with code 0
2026/02/19 10:51:24 [notice] 1#1: worker process 30 exited with code 0
2026/02/19 10:51:24 [notice] 1#1: worker process 33 exited with code 0
2026/02/19 10:51:24 [notice] 1#1: signal 29 (SIGIO) received
2026/02/19 10:51:24 [notice] 1#1: signal 17 (SIGCHLD) received from 24
2026/02/19 10:51:24 [notice] 1#1: worker process 22 exited with code 0
2026/02/19 10:51:24 [notice] 1#1: worker process 23 exited with code 0
2026/02/19 10:51:24 [notice] 1#1: worker process 24 exited with code 0
2026/02/19 10:51:24 [notice] 1#1: worker process 27 exited with code 0
2026/02/19 10:51:24 [notice] 1#1: worker process 32 exited with code 0
2026/02/19 10:51:24 [notice] 1#1: signal 29 (SIGIO) received
2026/02/19 10:51:24 [notice] 1#1: signal 17 (SIGCHLD) received from 32
2026/02/19 10:51:24 [notice] 1#1: signal 17 (SIGCHLD) received from 26
2026/02/19 10:51:24 [notice] 1#1: worker process 26 exited with code 0
2026/02/19 10:51:24 [notice] 1#1: exit
